<?xml version="1.0" encoding="UTF-8"?>
<typeSystemDescription xmlns="http://uima.apache.org/resourceSpecifier">
	<name>UIMA.Ext.Commons-TypeSystem</name>
	<description />
	<version>1.0</version>
	<vendor>Computational Linguistics Lab of Kazan Federal University</vendor>
	<types>
		<typeDescription>
			<name>test.TestFirst</name>
			<description />
			<supertypeName>uima.tcas.Annotation</supertypeName>
		</typeDescription>
		<typeDescription>
			<name>test.TestSecond</name>
			<description />
			<supertypeName>uima.tcas.Annotation</supertypeName>
		</typeDescription>
	</types>
</typeSystemDescription>