<?xml version="1.0" encoding="UTF-8"?>
<typeSystemDescription xmlns="http://uima.apache.org/resourceSpecifier">
	<name>UIMA.Ext.Commons-TypeSystem</name>
	<description />
	<version>1.0</version>
	<vendor>Computational Linguistics Lab of Kazan Federal University</vendor>
	<types>
		<typeDescription>
			<name>test.TestFirst</name>
			<description />
			<supertypeName>uima.tcas.Annotation</supertypeName>
		</typeDescription>
		<typeDescription>
			<name>test.TestSecond</name>
			<description />
			<supertypeName>uima.tcas.Annotation</supertypeName>
		</typeDescription>
		<typeDescription>
			<name>test.Chunk</name>
			<description />
			<supertypeName>uima.tcas.Annotation</supertypeName>
			<features>
				<featureDescription>
					<name>chunkType</name>
					<description />
					<rangeTypeName>test.ChunkType</rangeTypeName>
				</featureDescription>
				<featureDescription>
					<name>head</name>
					<description />
					<rangeTypeName>test.Word</rangeTypeName>
				</featureDescription>
				<featureDescription>
					<name>dependents</name>
					<description />
					<rangeTypeName>uima.cas.FSArray</rangeTypeName>
					<elementType>test.Word</elementType>
				</featureDescription>
				<featureDescription>
					<name>subChunks</name>
					<description />
					<rangeTypeName>uima.cas.FSArray</rangeTypeName>
					<elementType>test.Chunk</elementType>
				</featureDescription>
			</features>
		</typeDescription>
		<typeDescription>
			<name>test.ChunkType</name>
			<description />
			<supertypeName>uima.cas.String</supertypeName>
			<allowedValues>
				<value>
					<string>VP</string>
				</value>
				<value>
					<string>NP</string>
				</value>
			</allowedValues>
		</typeDescription>
		<typeDescription>
			<name>test.Word</name>
			<description />
			<supertypeName>uima.tcas.Annotation</supertypeName>
			<features>
				<featureDescription>
					<name>uid</name>
					<description />
					<rangeTypeName>uima.cas.String</rangeTypeName>
				</featureDescription>
			</features>
		</typeDescription>
	</types>
</typeSystemDescription>