<?xml version="1.0" encoding="UTF-8"?>
<typeSystemDescription xmlns="http://uima.apache.org/resourceSpecifier">
  <name>test-TypeSystem</name>
  <description/>
  <version>1.0</version>
  <vendor/>

	<imports>
		<import name="ru.kfu.itis.cll.uima.commons.Commons-TypeSystem"/>
	</imports>
  
  <types>
  	<typeDescription>
      <name>issst.test.TE</name>
      <description/>
      <supertypeName>uima.tcas.Annotation</supertypeName>
    </typeDescription>
  
   <typeDescription>
      <name>issst.test.BirthPlace</name>
      <description/>
      <supertypeName>uima.tcas.Annotation</supertypeName>
      <features>
        <featureDescription>
          <name>person</name>
          <description/>
          <rangeTypeName>issst.test.HL_Person</rangeTypeName>
        </featureDescription>
        <featureDescription>
          <name>city</name>
          <description/>
          <rangeTypeName>issst.test.HL_City</rangeTypeName>
        </featureDescription>       
      </features>
    </typeDescription>
    
    <typeDescription>
    	<name>issst.test.HL_City</name>
    	<description/>
    	<supertypeName>uima.tcas.Annotation</supertypeName>
    	<features>
    		<featureDescription>
    			<name>latitude</name>
    			<rangeTypeName>uima.cas.Integer</rangeTypeName>
    		</featureDescription>
    		<featureDescription>
    			<name>longitude</name>
    			<rangeTypeName>uima.cas.Integer</rangeTypeName>
    		</featureDescription>
    	</features>
    </typeDescription>
  
    <typeDescription>
      <name>issst.test.HL_Company</name>
      <description/>
      <supertypeName>uima.tcas.Annotation</supertypeName>
    </typeDescription>
    
    <typeDescription>
      <name>issst.test.HL_Position</name>
      <description/>
      <supertypeName>uima.tcas.Annotation</supertypeName>
    </typeDescription>
    
    <typeDescription>
      <name>issst.test.HL_Person</name>
      <description/>
      <supertypeName>uima.tcas.Annotation</supertypeName>
    </typeDescription>
    
    <typeDescription>
      <name>issst.test.HL_Acquisition</name>
      <description/>
      <supertypeName>uima.tcas.Annotation</supertypeName>
      <features>
        <featureDescription>
          <name>slotFirst</name>
          <description/>
          <rangeTypeName>uima.tcas.Annotation</rangeTypeName>
        </featureDescription>
        <featureDescription>
          <name>slotSecond</name>
          <description/>
          <rangeTypeName>uima.tcas.Annotation</rangeTypeName>
        </featureDescription>
      </features>
    </typeDescription>
    
    <typeDescription>
      <name>issst.test.HL_PositionChange</name>
      <description/>
      <supertypeName>uima.tcas.Annotation</supertypeName>
      <features>
        <featureDescription>
          <name>person</name>
          <description/>
          <rangeTypeName>uima.tcas.Annotation</rangeTypeName>
        </featureDescription>
        <featureDescription>
          <name>newPosition</name>
          <description/>
          <rangeTypeName>uima.tcas.Annotation</rangeTypeName>
        </featureDescription>
        <featureDescription>
          <name>oldPosition</name>
          <description/>
          <rangeTypeName>uima.tcas.Annotation</rangeTypeName>
        </featureDescription>
        <featureDescription>
       	  <name>newCompany</name>
       	  <description/>
       	  <rangeTypeName>uima.tcas.Annotation</rangeTypeName>
        </featureDescription>
        <featureDescription>
          <name>oldCompany</name>
          <description/>
          <rangeTypeName>uima.tcas.Annotation</rangeTypeName>
        </featureDescription>
      </features>
    </typeDescription>
    
    <typeDescription>
      <name>issst.test.HL_CompanyAnnouncement</name>
      <description/>
      <supertypeName>uima.tcas.Annotation</supertypeName>
      <features>
        <featureDescription>
          <name>company</name>
          <description/>
          <rangeTypeName>issst.test.HL_Company</rangeTypeName>
        </featureDescription>
        <featureDescription>
          <name>date</name>
          <description/>
          <rangeTypeName>issst.test.TE</rangeTypeName>
        </featureDescription>
      </features>
    </typeDescription>
    
    <typeDescription>
      <name>issst.test.HL_Resignation</name>
      <description/>
      <supertypeName>uima.tcas.Annotation</supertypeName>
      <features>
        <featureDescription>
          <name>person</name>
          <description/>
          <rangeTypeName>uima.tcas.Annotation</rangeTypeName>
        </featureDescription>
        <featureDescription>
          <name>position</name>
          <description/>
          <rangeTypeName>uima.tcas.Annotation</rangeTypeName>
        </featureDescription>
        <featureDescription>
          <name>company</name>
          <description/>
          <rangeTypeName>uima.tcas.Annotation</rangeTypeName>
        </featureDescription>
        <featureDescription>
          <name>approvedBy</name>
          <description/>
          <rangeTypeName>uima.tcas.Annotation</rangeTypeName>
        </featureDescription>
      </features>
    </typeDescription>
    
    <typeDescription>
      <name>issst.test.HL_PersonAnnouncement</name>
      <description/>
      <supertypeName>uima.tcas.Annotation</supertypeName>
      <features>
        <featureDescription>
          <name>person</name>
          <description/>
          <rangeTypeName>issst.test.HL_Person</rangeTypeName>
        </featureDescription>
        <featureDescription>
          <name>date</name>
          <description/>
          <rangeTypeName>issst.test.TE</rangeTypeName>
        </featureDescription>
      </features>
    </typeDescription>
    <typeDescription>
      <name>issst.test.HL_PriceUnit</name>
      <description/>
      <supertypeName>uima.tcas.Annotation</supertypeName>
    </typeDescription>
  </types>
</typeSystemDescription>
